{"D:\\NTT_DATA\\proyectos\\BOOTCAMP-FRONTEND-REACT-NTT\\src\\components\\Icon\\Icon.tsx": {"path":"D:\\NTT_DATA\\proyectos\\BOOTCAMP-FRONTEND-REACT-NTT\\src\\components\\Icon\\Icon.tsx","statementMap":{"0":{"start":{"line":1,"column":0},"end":{"line":1,"column":38}},"1":{"start":{"line":11,"column":37},"end":{"line":17,"column":1}},"2":{"start":{"line":12,"column":2},"end":{"line":16,"column":4}},"3":{"start":{"line":11,"column":13},"end":{"line":11,"column":37}}},"fnMap":{"0":{"name":"(anonymous_0)","decl":{"start":{"line":11,"column":37},"end":{"line":11,"column":38}},"loc":{"start":{"line":11,"column":99},"end":{"line":17,"column":1}}}},"branchMap":{"0":{"loc":{"start":{"line":11,"column":55},"end":{"line":11,"column":68}},"type":"default-arg","locations":[{"start":{"line":11,"column":62},"end":{"line":11,"column":68}}]},"1":{"loc":{"start":{"line":11,"column":70},"end":{"line":11,"column":85}},"type":"default-arg","locations":[{"start":{"line":11,"column":78},"end":{"line":11,"column":85}}]}},"s":{"0":1,"1":1,"2":4,"3":1},"f":{"0":4},"b":{"0":[3],"1":[3]}}
}
